[     168ms] [INFO] %cDownload the React DevTools for a better development experience: https://react.dev/link/react-devtools font-weight:bold @ http://localhost:4177/node_modules/.vite/deps/react-dom_client.js?v=a842c307:20102
[  232624ms] [INFO] %cDownload the React DevTools for a better development experience: https://react.dev/link/react-devtools font-weight:bold @ http://localhost:4177/node_modules/.vite/deps/react-dom_client.js?v=a842c307:20102
[  325563ms] [INFO] %cDownload the React DevTools for a better development experience: https://react.dev/link/react-devtools font-weight:bold @ http://localhost:4177/node_modules/.vite/deps/react-dom_client.js?v=a842c307:20102
[  806663ms] [INFO] %cDownload the React DevTools for a better development experience: https://react.dev/link/react-devtools font-weight:bold @ http://localhost:4177/node_modules/.vite/deps/react-dom_client.js?v=a842c307:20102
[  918416ms] [INFO] %cDownload the React DevTools for a better development experience: https://react.dev/link/react-devtools font-weight:bold @ http://localhost:4177/node_modules/.vite/deps/react-dom_client.js?v=a842c307:20102
[  986948ms] ReferenceError: Cannot access 'updateLatestSectionHeight' before initialization
    at App (http://localhost:4177/src/App.tsx?t=1776605861401:45:47)
    at Object.react_stack_bottom_frame (http://localhost:4177/node_modules/.vite/deps/react-dom_client.js?v=a842c307:18509:20)
    at renderWithHooks (http://localhost:4177/node_modules/.vite/deps/react-dom_client.js?v=a842c307:5654:24)
    at updateFunctionComponent (http://localhost:4177/node_modules/.vite/deps/react-dom_client.js?v=a842c307:7475:21)
    at beginWork (http://localhost:4177/node_modules/.vite/deps/react-dom_client.js?v=a842c307:8525:20)
    at runWithFiberInDEV (http://localhost:4177/node_modules/.vite/deps/react-dom_client.js?v=a842c307:997:72)
    at performUnitOfWork (http://localhost:4177/node_modules/.vite/deps/react-dom_client.js?v=a842c307:12561:98)
    at workLoopSync (http://localhost:4177/node_modules/.vite/deps/react-dom_client.js?v=a842c307:12424:43)
    at renderRootSync (http://localhost:4177/node_modules/.vite/deps/react-dom_client.js?v=a842c307:12408:13)
    at performWorkOnRoot (http://localhost:4177/node_modules/.vite/deps/react-dom_client.js?v=a842c307:11827:37)
[  986947ms] [WARNING] %s

%s
 An error occurred in the <App> component. Consider adding an error boundary to your tree to customize error handling behavior.
Visit https://react.dev/link/error-boundaries to learn more about error boundaries. @ http://localhost:4177/node_modules/.vite/deps/react-dom_client.js?v=a842c307:6965
[  999696ms] [INFO] %cDownload the React DevTools for a better development experience: https://react.dev/link/react-devtools font-weight:bold @ http://localhost:4177/node_modules/.vite/deps/react-dom_client.js?v=a842c307:20102
[  999814ms] ReferenceError: Cannot access 'updateLatestSectionHeight' before initialization
    at App (http://localhost:4177/src/App.tsx?t=1776605861401:45:47)
    at Object.react_stack_bottom_frame (http://localhost:4177/node_modules/.vite/deps/react-dom_client.js?v=a842c307:18509:20)
    at renderWithHooks (http://localhost:4177/node_modules/.vite/deps/react-dom_client.js?v=a842c307:5654:24)
    at updateFunctionComponent (http://localhost:4177/node_modules/.vite/deps/react-dom_client.js?v=a842c307:7475:21)
    at beginWork (http://localhost:4177/node_modules/.vite/deps/react-dom_client.js?v=a842c307:8525:20)
    at runWithFiberInDEV (http://localhost:4177/node_modules/.vite/deps/react-dom_client.js?v=a842c307:997:72)
    at performUnitOfWork (http://localhost:4177/node_modules/.vite/deps/react-dom_client.js?v=a842c307:12561:98)
    at workLoopSync (http://localhost:4177/node_modules/.vite/deps/react-dom_client.js?v=a842c307:12424:43)
    at renderRootSync (http://localhost:4177/node_modules/.vite/deps/react-dom_client.js?v=a842c307:12408:13)
    at performWorkOnRoot (http://localhost:4177/node_modules/.vite/deps/react-dom_client.js?v=a842c307:11827:37)
[  999744ms] [WARNING] %s

%s
 An error occurred in the <App> component. Consider adding an error boundary to your tree to customize error handling behavior.
Visit https://react.dev/link/error-boundaries to learn more about error boundaries. @ http://localhost:4177/node_modules/.vite/deps/react-dom_client.js?v=a842c307:6965
[ 1003467ms] ReferenceError: Cannot access 'updateLatestSectionHeight' before initialization
    at App (http://localhost:4177/src/App.tsx?t=1776605877934:45:47)
    at Object.react_stack_bottom_frame (http://localhost:4177/node_modules/.vite/deps/react-dom_client.js?v=a842c307:18509:20)
    at renderWithHooks (http://localhost:4177/node_modules/.vite/deps/react-dom_client.js?v=a842c307:5654:24)
    at updateFunctionComponent (http://localhost:4177/node_modules/.vite/deps/react-dom_client.js?v=a842c307:7475:21)
    at beginWork (http://localhost:4177/node_modules/.vite/deps/react-dom_client.js?v=a842c307:8525:20)
    at runWithFiberInDEV (http://localhost:4177/node_modules/.vite/deps/react-dom_client.js?v=a842c307:997:72)
    at performUnitOfWork (http://localhost:4177/node_modules/.vite/deps/react-dom_client.js?v=a842c307:12561:98)
    at workLoopSync (http://localhost:4177/node_modules/.vite/deps/react-dom_client.js?v=a842c307:12424:43)
    at renderRootSync (http://localhost:4177/node_modules/.vite/deps/react-dom_client.js?v=a842c307:12408:13)
    at performWorkOnRoot (http://localhost:4177/node_modules/.vite/deps/react-dom_client.js?v=a842c307:11827:37)
[ 1003467ms] [WARNING] %s

%s
 An error occurred in the <App> component. Consider adding an error boundary to your tree to customize error handling behavior.
Visit https://react.dev/link/error-boundaries to learn more about error boundaries. @ http://localhost:4177/node_modules/.vite/deps/react-dom_client.js?v=a842c307:6965
[ 1020856ms] [INFO] %cDownload the React DevTools for a better development experience: https://react.dev/link/react-devtools font-weight:bold @ http://localhost:4177/node_modules/.vite/deps/react-dom_client.js?v=a842c307:20102
[ 1026625ms] [INFO] %cDownload the React DevTools for a better development experience: https://react.dev/link/react-devtools font-weight:bold @ http://localhost:4177/node_modules/.vite/deps/react-dom_client.js?v=a842c307:20102
