[     155ms] [INFO] %cDownload the React DevTools for a better development experience: https://react.dev/link/react-devtools font-weight:bold @ http://localhost:4175/node_modules/.vite/deps/react-dom_client.js?v=38705482:20102
[   97016ms] [INFO] %cDownload the React DevTools for a better development experience: https://react.dev/link/react-devtools font-weight:bold @ http://localhost:4175/node_modules/.vite/deps/react-dom_client.js?v=38705482:20102
[  501262ms] [ERROR] Error: layers.countries-threat-fill.paint.fill-color: Expected at least 4 arguments, but found only 2.
    at Object.hs [as C] (http://localhost:4175/node_modules/.vite/deps/maplibre-gl.js?v=38705482:3408:84)
    at Di (http://localhost:4175/node_modules/.vite/deps/maplibre-gl.js?v=38705482:18478:34)
    at Li._validate (http://localhost:4175/node_modules/.vite/deps/maplibre-gl.js?v=38705482:19114:69)
    at Li.addLayer (http://localhost:4175/node_modules/.vite/deps/maplibre-gl.js?v=38705482:18857:152)
    at cs.addLayer (http://localhost:4175/node_modules/.vite/deps/maplibre-gl.js?v=38705482:23018:59)
    at cs.<anonymous> (http://localhost:4175/src/components/TwoDMap.tsx?t=1776603062262:155:11)
    at cs.fire (http://localhost:4175/node_modules/.vite/deps/maplibre-gl.js?v=38705482:496:39)
    at cs._render (http://localhost:4175/node_modules/.vite/deps/maplibre-gl.js?v=38705482:23185:1570)
    at http://localhost:4175/node_modules/.vite/deps/maplibre-gl.js?v=38705482:23204:22
    at http://localhost:4175/node_modules/.vite/deps/maplibre-gl.js?v=38705482:12998:19 @ http://localhost:4175/node_modules/.vite/deps/maplibre-gl.js?v=38705482:500
[  592405ms] [INFO] %cDownload the React DevTools for a better development experience: https://react.dev/link/react-devtools font-weight:bold @ http://localhost:4175/node_modules/.vite/deps/react-dom_client.js?v=38705482:20102
[  592492ms] [ERROR] Error: layers.countries-threat-fill.paint.fill-color: Expected at least 4 arguments, but found only 2.
    at Object.hs [as C] (http://localhost:4175/node_modules/.vite/deps/maplibre-gl.js?v=38705482:3408:84)
    at Di (http://localhost:4175/node_modules/.vite/deps/maplibre-gl.js?v=38705482:18478:34)
    at Li._validate (http://localhost:4175/node_modules/.vite/deps/maplibre-gl.js?v=38705482:19114:69)
    at Li.addLayer (http://localhost:4175/node_modules/.vite/deps/maplibre-gl.js?v=38705482:18857:152)
    at cs.addLayer (http://localhost:4175/node_modules/.vite/deps/maplibre-gl.js?v=38705482:23018:59)
    at cs.<anonymous> (http://localhost:4175/src/components/TwoDMap.tsx?t=1776603062262:155:11)
    at cs.fire (http://localhost:4175/node_modules/.vite/deps/maplibre-gl.js?v=38705482:496:39)
    at cs._render (http://localhost:4175/node_modules/.vite/deps/maplibre-gl.js?v=38705482:23185:1570)
    at http://localhost:4175/node_modules/.vite/deps/maplibre-gl.js?v=38705482:23204:22
    at http://localhost:4175/node_modules/.vite/deps/maplibre-gl.js?v=38705482:12998:19 @ http://localhost:4175/node_modules/.vite/deps/maplibre-gl.js?v=38705482:500
[  675874ms] [ERROR] Error: layers.countries-threat-fill.paint.fill-color: Expected at least 4 arguments, but found only 2.
    at Object.hs [as C] (http://localhost:4175/node_modules/.vite/deps/maplibre-gl.js?v=38705482:3408:84)
    at Di (http://localhost:4175/node_modules/.vite/deps/maplibre-gl.js?v=38705482:18478:34)
    at Li._validate (http://localhost:4175/node_modules/.vite/deps/maplibre-gl.js?v=38705482:19114:69)
    at Li.addLayer (http://localhost:4175/node_modules/.vite/deps/maplibre-gl.js?v=38705482:18857:152)
    at cs.addLayer (http://localhost:4175/node_modules/.vite/deps/maplibre-gl.js?v=38705482:23018:59)
    at cs.<anonymous> (http://localhost:4175/src/components/TwoDMap.tsx?t=1776603236971:172:11)
    at cs.fire (http://localhost:4175/node_modules/.vite/deps/maplibre-gl.js?v=38705482:496:39)
    at cs._render (http://localhost:4175/node_modules/.vite/deps/maplibre-gl.js?v=38705482:23185:1570)
    at http://localhost:4175/node_modules/.vite/deps/maplibre-gl.js?v=38705482:23204:22
    at http://localhost:4175/node_modules/.vite/deps/maplibre-gl.js?v=38705482:12998:19 @ http://localhost:4175/node_modules/.vite/deps/maplibre-gl.js?v=38705482:500
[  675874ms] [ERROR] Error: layers.countries-threat-line.paint.line-color: Expected at least 4 arguments, but found only 2.
    at Object.hs [as C] (http://localhost:4175/node_modules/.vite/deps/maplibre-gl.js?v=38705482:3408:84)
    at Di (http://localhost:4175/node_modules/.vite/deps/maplibre-gl.js?v=38705482:18478:34)
    at Li._validate (http://localhost:4175/node_modules/.vite/deps/maplibre-gl.js?v=38705482:19114:69)
    at Li.addLayer (http://localhost:4175/node_modules/.vite/deps/maplibre-gl.js?v=38705482:18857:152)
    at cs.addLayer (http://localhost:4175/node_modules/.vite/deps/maplibre-gl.js?v=38705482:23018:59)
    at cs.<anonymous> (http://localhost:4175/src/components/TwoDMap.tsx?t=1776603236971:181:11)
    at cs.fire (http://localhost:4175/node_modules/.vite/deps/maplibre-gl.js?v=38705482:496:39)
    at cs._render (http://localhost:4175/node_modules/.vite/deps/maplibre-gl.js?v=38705482:23185:1570)
    at http://localhost:4175/node_modules/.vite/deps/maplibre-gl.js?v=38705482:23204:22
    at http://localhost:4175/node_modules/.vite/deps/maplibre-gl.js?v=38705482:12998:19 @ http://localhost:4175/node_modules/.vite/deps/maplibre-gl.js?v=38705482:500
[  680037ms] TypeError: Cannot read properties of null (reading 'type')
    at http://localhost:4175/node_modules/.vite/deps/globe__gl.js?v=38705482:108133:19
    at Array.forEach (<anonymous>)
    at comp.update7 (http://localhost:4175/node_modules/.vite/deps/globe__gl.js?v=38705482:108119:24)
    at http://localhost:4175/node_modules/.vite/deps/globe__gl.js?v=38705482:35234:16
    at invokeFunc (http://localhost:4175/node_modules/.vite/deps/globe__gl.js?v=38705482:35071:19)
    at trailingEdge (http://localhost:4175/node_modules/.vite/deps/globe__gl.js?v=38705482:35097:14)
    at timerExpired (http://localhost:4175/node_modules/.vite/deps/globe__gl.js?v=38705482:35090:14)
[  682004ms] TypeError: Cannot read properties of null (reading 'type')
    at http://localhost:4175/node_modules/.vite/deps/globe__gl.js?v=38705482:108133:19
    at Array.forEach (<anonymous>)
    at comp.update7 (http://localhost:4175/node_modules/.vite/deps/globe__gl.js?v=38705482:108119:24)
    at http://localhost:4175/node_modules/.vite/deps/globe__gl.js?v=38705482:35234:16
    at invokeFunc (http://localhost:4175/node_modules/.vite/deps/globe__gl.js?v=38705482:35071:19)
    at trailingEdge (http://localhost:4175/node_modules/.vite/deps/globe__gl.js?v=38705482:35097:14)
    at timerExpired (http://localhost:4175/node_modules/.vite/deps/globe__gl.js?v=38705482:35090:14)
[  682432ms] TypeError: Cannot read properties of null (reading 'type')
    at http://localhost:4175/node_modules/.vite/deps/globe__gl.js?v=38705482:108133:19
    at Array.forEach (<anonymous>)
    at comp.update7 (http://localhost:4175/node_modules/.vite/deps/globe__gl.js?v=38705482:108119:24)
    at http://localhost:4175/node_modules/.vite/deps/globe__gl.js?v=38705482:35234:16
    at invokeFunc (http://localhost:4175/node_modules/.vite/deps/globe__gl.js?v=38705482:35071:19)
    at trailingEdge (http://localhost:4175/node_modules/.vite/deps/globe__gl.js?v=38705482:35097:14)
    at timerExpired (http://localhost:4175/node_modules/.vite/deps/globe__gl.js?v=38705482:35090:14)
[  684121ms] TypeError: Cannot read properties of null (reading 'type')
    at http://localhost:4175/node_modules/.vite/deps/globe__gl.js?v=38705482:108133:19
    at Array.forEach (<anonymous>)
    at comp.update7 (http://localhost:4175/node_modules/.vite/deps/globe__gl.js?v=38705482:108119:24)
    at http://localhost:4175/node_modules/.vite/deps/globe__gl.js?v=38705482:35234:16
    at invokeFunc (http://localhost:4175/node_modules/.vite/deps/globe__gl.js?v=38705482:35071:19)
    at trailingEdge (http://localhost:4175/node_modules/.vite/deps/globe__gl.js?v=38705482:35097:14)
    at timerExpired (http://localhost:4175/node_modules/.vite/deps/globe__gl.js?v=38705482:35090:14)
[  684393ms] TypeError: Cannot read properties of null (reading 'type')
    at http://localhost:4175/node_modules/.vite/deps/globe__gl.js?v=38705482:108133:19
    at Array.forEach (<anonymous>)
    at comp.update7 (http://localhost:4175/node_modules/.vite/deps/globe__gl.js?v=38705482:108119:24)
    at http://localhost:4175/node_modules/.vite/deps/globe__gl.js?v=38705482:35234:16
    at invokeFunc (http://localhost:4175/node_modules/.vite/deps/globe__gl.js?v=38705482:35071:19)
    at trailingEdge (http://localhost:4175/node_modules/.vite/deps/globe__gl.js?v=38705482:35097:14)
    at timerExpired (http://localhost:4175/node_modules/.vite/deps/globe__gl.js?v=38705482:35090:14)
[  684948ms] TypeError: Cannot read properties of null (reading 'type')
    at http://localhost:4175/node_modules/.vite/deps/globe__gl.js?v=38705482:108133:19
    at Array.forEach (<anonymous>)
    at comp.update7 (http://localhost:4175/node_modules/.vite/deps/globe__gl.js?v=38705482:108119:24)
    at http://localhost:4175/node_modules/.vite/deps/globe__gl.js?v=38705482:35234:16
    at invokeFunc (http://localhost:4175/node_modules/.vite/deps/globe__gl.js?v=38705482:35071:19)
    at trailingEdge (http://localhost:4175/node_modules/.vite/deps/globe__gl.js?v=38705482:35097:14)
    at timerExpired (http://localhost:4175/node_modules/.vite/deps/globe__gl.js?v=38705482:35090:14)
[  685805ms] TypeError: Cannot read properties of null (reading 'type')
    at http://localhost:4175/node_modules/.vite/deps/globe__gl.js?v=38705482:108133:19
    at Array.forEach (<anonymous>)
    at comp.update7 (http://localhost:4175/node_modules/.vite/deps/globe__gl.js?v=38705482:108119:24)
    at http://localhost:4175/node_modules/.vite/deps/globe__gl.js?v=38705482:35234:16
    at invokeFunc (http://localhost:4175/node_modules/.vite/deps/globe__gl.js?v=38705482:35071:19)
    at trailingEdge (http://localhost:4175/node_modules/.vite/deps/globe__gl.js?v=38705482:35097:14)
    at timerExpired (http://localhost:4175/node_modules/.vite/deps/globe__gl.js?v=38705482:35090:14)
[  738266ms] TypeError: Cannot read properties of null (reading 'type')
    at http://localhost:4175/node_modules/.vite/deps/globe__gl.js?v=38705482:108133:19
    at Array.forEach (<anonymous>)
    at comp.update7 (http://localhost:4175/node_modules/.vite/deps/globe__gl.js?v=38705482:108119:24)
    at http://localhost:4175/node_modules/.vite/deps/globe__gl.js?v=38705482:35234:16
    at invokeFunc (http://localhost:4175/node_modules/.vite/deps/globe__gl.js?v=38705482:35071:19)
    at trailingEdge (http://localhost:4175/node_modules/.vite/deps/globe__gl.js?v=38705482:35097:14)
    at timerExpired (http://localhost:4175/node_modules/.vite/deps/globe__gl.js?v=38705482:35090:14)
[  740324ms] TypeError: Cannot read properties of null (reading 'type')
    at http://localhost:4175/node_modules/.vite/deps/globe__gl.js?v=38705482:108133:19
    at Array.forEach (<anonymous>)
    at comp.update7 (http://localhost:4175/node_modules/.vite/deps/globe__gl.js?v=38705482:108119:24)
    at http://localhost:4175/node_modules/.vite/deps/globe__gl.js?v=38705482:35234:16
    at invokeFunc (http://localhost:4175/node_modules/.vite/deps/globe__gl.js?v=38705482:35071:19)
    at trailingEdge (http://localhost:4175/node_modules/.vite/deps/globe__gl.js?v=38705482:35097:14)
    at timerExpired (http://localhost:4175/node_modules/.vite/deps/globe__gl.js?v=38705482:35090:14)
[  741336ms] [ERROR] Error: layers.countries-threat-fill.paint.fill-color: Expected at least 4 arguments, but found only 2.
    at Object.hs [as C] (http://localhost:4175/node_modules/.vite/deps/maplibre-gl.js?v=38705482:3408:84)
    at Di (http://localhost:4175/node_modules/.vite/deps/maplibre-gl.js?v=38705482:18478:34)
    at Li._validate (http://localhost:4175/node_modules/.vite/deps/maplibre-gl.js?v=38705482:19114:69)
    at Li.addLayer (http://localhost:4175/node_modules/.vite/deps/maplibre-gl.js?v=38705482:18857:152)
    at cs.addLayer (http://localhost:4175/node_modules/.vite/deps/maplibre-gl.js?v=38705482:23018:59)
    at cs.<anonymous> (http://localhost:4175/src/components/TwoDMap.tsx?t=1776603248579:172:11)
    at cs.fire (http://localhost:4175/node_modules/.vite/deps/maplibre-gl.js?v=38705482:496:39)
    at cs._render (http://localhost:4175/node_modules/.vite/deps/maplibre-gl.js?v=38705482:23185:1570)
    at http://localhost:4175/node_modules/.vite/deps/maplibre-gl.js?v=38705482:23204:22
    at http://localhost:4175/node_modules/.vite/deps/maplibre-gl.js?v=38705482:12998:19 @ http://localhost:4175/node_modules/.vite/deps/maplibre-gl.js?v=38705482:500
[  741336ms] [ERROR] Error: layers.countries-threat-line.paint.line-color: Expected at least 4 arguments, but found only 2.
    at Object.hs [as C] (http://localhost:4175/node_modules/.vite/deps/maplibre-gl.js?v=38705482:3408:84)
    at Di (http://localhost:4175/node_modules/.vite/deps/maplibre-gl.js?v=38705482:18478:34)
    at Li._validate (http://localhost:4175/node_modules/.vite/deps/maplibre-gl.js?v=38705482:19114:69)
    at Li.addLayer (http://localhost:4175/node_modules/.vite/deps/maplibre-gl.js?v=38705482:18857:152)
    at cs.addLayer (http://localhost:4175/node_modules/.vite/deps/maplibre-gl.js?v=38705482:23018:59)
    at cs.<anonymous> (http://localhost:4175/src/components/TwoDMap.tsx?t=1776603248579:201:11)
    at cs.fire (http://localhost:4175/node_modules/.vite/deps/maplibre-gl.js?v=38705482:496:39)
    at cs._render (http://localhost:4175/node_modules/.vite/deps/maplibre-gl.js?v=38705482:23185:1570)
    at http://localhost:4175/node_modules/.vite/deps/maplibre-gl.js?v=38705482:23204:22
    at http://localhost:4175/node_modules/.vite/deps/maplibre-gl.js?v=38705482:12998:19 @ http://localhost:4175/node_modules/.vite/deps/maplibre-gl.js?v=38705482:500
[  746509ms] [INFO] %cDownload the React DevTools for a better development experience: https://react.dev/link/react-devtools font-weight:bold @ http://localhost:4175/node_modules/.vite/deps/react-dom_client.js?v=38705482:20102
[  746613ms] [ERROR] Error: layers.countries-threat-fill.paint.fill-color: Expected at least 4 arguments, but found only 2.
    at Object.hs [as C] (http://localhost:4175/node_modules/.vite/deps/maplibre-gl.js?v=38705482:3408:84)
    at Di (http://localhost:4175/node_modules/.vite/deps/maplibre-gl.js?v=38705482:18478:34)
    at Li._validate (http://localhost:4175/node_modules/.vite/deps/maplibre-gl.js?v=38705482:19114:69)
    at Li.addLayer (http://localhost:4175/node_modules/.vite/deps/maplibre-gl.js?v=38705482:18857:152)
    at cs.addLayer (http://localhost:4175/node_modules/.vite/deps/maplibre-gl.js?v=38705482:23018:59)
    at cs.<anonymous> (http://localhost:4175/src/components/TwoDMap.tsx?t=1776603248579:172:11)
    at cs.fire (http://localhost:4175/node_modules/.vite/deps/maplibre-gl.js?v=38705482:496:39)
    at cs._render (http://localhost:4175/node_modules/.vite/deps/maplibre-gl.js?v=38705482:23185:1570)
    at http://localhost:4175/node_modules/.vite/deps/maplibre-gl.js?v=38705482:23204:22
    at http://localhost:4175/node_modules/.vite/deps/maplibre-gl.js?v=38705482:12998:19 @ http://localhost:4175/node_modules/.vite/deps/maplibre-gl.js?v=38705482:500
[  746614ms] [ERROR] Error: layers.countries-threat-line.paint.line-color: Expected at least 4 arguments, but found only 2.
    at Object.hs [as C] (http://localhost:4175/node_modules/.vite/deps/maplibre-gl.js?v=38705482:3408:84)
    at Di (http://localhost:4175/node_modules/.vite/deps/maplibre-gl.js?v=38705482:18478:34)
    at Li._validate (http://localhost:4175/node_modules/.vite/deps/maplibre-gl.js?v=38705482:19114:69)
    at Li.addLayer (http://localhost:4175/node_modules/.vite/deps/maplibre-gl.js?v=38705482:18857:152)
    at cs.addLayer (http://localhost:4175/node_modules/.vite/deps/maplibre-gl.js?v=38705482:23018:59)
    at cs.<anonymous> (http://localhost:4175/src/components/TwoDMap.tsx?t=1776603248579:201:11)
    at cs.fire (http://localhost:4175/node_modules/.vite/deps/maplibre-gl.js?v=38705482:496:39)
    at cs._render (http://localhost:4175/node_modules/.vite/deps/maplibre-gl.js?v=38705482:23185:1570)
    at http://localhost:4175/node_modules/.vite/deps/maplibre-gl.js?v=38705482:23204:22
    at http://localhost:4175/node_modules/.vite/deps/maplibre-gl.js?v=38705482:12998:19 @ http://localhost:4175/node_modules/.vite/deps/maplibre-gl.js?v=38705482:500
[  821735ms] [INFO] %cDownload the React DevTools for a better development experience: https://react.dev/link/react-devtools font-weight:bold @ http://localhost:4175/node_modules/.vite/deps/react-dom_client.js?v=38705482:20102
[  821824ms] [ERROR] Error: layers.countries-threat-fill.paint.fill-color: Expected at least 4 arguments, but found only 2.
    at Object.hs [as C] (http://localhost:4175/node_modules/.vite/deps/maplibre-gl.js?v=38705482:3408:84)
    at Di (http://localhost:4175/node_modules/.vite/deps/maplibre-gl.js?v=38705482:18478:34)
    at Li._validate (http://localhost:4175/node_modules/.vite/deps/maplibre-gl.js?v=38705482:19114:69)
    at Li.addLayer (http://localhost:4175/node_modules/.vite/deps/maplibre-gl.js?v=38705482:18857:152)
    at cs.addLayer (http://localhost:4175/node_modules/.vite/deps/maplibre-gl.js?v=38705482:23018:59)
    at cs.<anonymous> (http://localhost:4175/src/components/TwoDMap.tsx?t=1776603248579:172:11)
    at cs.fire (http://localhost:4175/node_modules/.vite/deps/maplibre-gl.js?v=38705482:496:39)
    at cs._render (http://localhost:4175/node_modules/.vite/deps/maplibre-gl.js?v=38705482:23185:1570)
    at http://localhost:4175/node_modules/.vite/deps/maplibre-gl.js?v=38705482:23204:22
    at http://localhost:4175/node_modules/.vite/deps/maplibre-gl.js?v=38705482:12998:19 @ http://localhost:4175/node_modules/.vite/deps/maplibre-gl.js?v=38705482:500
[  821824ms] [ERROR] Error: layers.countries-threat-line.paint.line-color: Expected at least 4 arguments, but found only 2.
    at Object.hs [as C] (http://localhost:4175/node_modules/.vite/deps/maplibre-gl.js?v=38705482:3408:84)
    at Di (http://localhost:4175/node_modules/.vite/deps/maplibre-gl.js?v=38705482:18478:34)
    at Li._validate (http://localhost:4175/node_modules/.vite/deps/maplibre-gl.js?v=38705482:19114:69)
    at Li.addLayer (http://localhost:4175/node_modules/.vite/deps/maplibre-gl.js?v=38705482:18857:152)
    at cs.addLayer (http://localhost:4175/node_modules/.vite/deps/maplibre-gl.js?v=38705482:23018:59)
    at cs.<anonymous> (http://localhost:4175/src/components/TwoDMap.tsx?t=1776603248579:201:11)
    at cs.fire (http://localhost:4175/node_modules/.vite/deps/maplibre-gl.js?v=38705482:496:39)
    at cs._render (http://localhost:4175/node_modules/.vite/deps/maplibre-gl.js?v=38705482:23185:1570)
    at http://localhost:4175/node_modules/.vite/deps/maplibre-gl.js?v=38705482:23204:22
    at http://localhost:4175/node_modules/.vite/deps/maplibre-gl.js?v=38705482:12998:19 @ http://localhost:4175/node_modules/.vite/deps/maplibre-gl.js?v=38705482:500
[  832204ms] [ERROR] Error: layers.countries-threat-fill.paint.fill-color: Expected at least 4 arguments, but found only 2.
    at Object.hs [as C] (http://localhost:4175/node_modules/.vite/deps/maplibre-gl.js?v=38705482:3408:84)
    at Di (http://localhost:4175/node_modules/.vite/deps/maplibre-gl.js?v=38705482:18478:34)
    at Li._validate (http://localhost:4175/node_modules/.vite/deps/maplibre-gl.js?v=38705482:19114:69)
    at Li.addLayer (http://localhost:4175/node_modules/.vite/deps/maplibre-gl.js?v=38705482:18857:152)
    at cs.addLayer (http://localhost:4175/node_modules/.vite/deps/maplibre-gl.js?v=38705482:23018:59)
    at cs.<anonymous> (http://localhost:4175/src/components/TwoDMap.tsx?t=1776603393305:176:11)
    at cs.fire (http://localhost:4175/node_modules/.vite/deps/maplibre-gl.js?v=38705482:496:39)
    at cs._render (http://localhost:4175/node_modules/.vite/deps/maplibre-gl.js?v=38705482:23185:1570)
    at http://localhost:4175/node_modules/.vite/deps/maplibre-gl.js?v=38705482:23204:22
    at http://localhost:4175/node_modules/.vite/deps/maplibre-gl.js?v=38705482:12998:19 @ http://localhost:4175/node_modules/.vite/deps/maplibre-gl.js?v=38705482:500
[  832204ms] [ERROR] Error: layers.countries-threat-line.paint.line-color: Expected at least 4 arguments, but found only 2.
    at Object.hs [as C] (http://localhost:4175/node_modules/.vite/deps/maplibre-gl.js?v=38705482:3408:84)
    at Di (http://localhost:4175/node_modules/.vite/deps/maplibre-gl.js?v=38705482:18478:34)
    at Li._validate (http://localhost:4175/node_modules/.vite/deps/maplibre-gl.js?v=38705482:19114:69)
    at Li.addLayer (http://localhost:4175/node_modules/.vite/deps/maplibre-gl.js?v=38705482:18857:152)
    at cs.addLayer (http://localhost:4175/node_modules/.vite/deps/maplibre-gl.js?v=38705482:23018:59)
    at cs.<anonymous> (http://localhost:4175/src/components/TwoDMap.tsx?t=1776603393305:205:11)
    at cs.fire (http://localhost:4175/node_modules/.vite/deps/maplibre-gl.js?v=38705482:496:39)
    at cs._render (http://localhost:4175/node_modules/.vite/deps/maplibre-gl.js?v=38705482:23185:1570)
    at http://localhost:4175/node_modules/.vite/deps/maplibre-gl.js?v=38705482:23204:22
    at http://localhost:4175/node_modules/.vite/deps/maplibre-gl.js?v=38705482:12998:19 @ http://localhost:4175/node_modules/.vite/deps/maplibre-gl.js?v=38705482:500
[  832205ms] [ERROR] Error: Cannot style non-existing layer "countries-threat-fill".
    at Li.setPaintProperty (http://localhost:4175/node_modules/.vite/deps/maplibre-gl.js?v=38705482:18923:117)
    at cs.setPaintProperty (http://localhost:4175/node_modules/.vite/deps/maplibre-gl.js?v=38705482:23042:31)
    at cs.<anonymous> (http://localhost:4175/src/components/TwoDMap.tsx?t=1776603393305:307:11)
    at cs.fire (http://localhost:4175/node_modules/.vite/deps/maplibre-gl.js?v=38705482:496:39)
    at cs._render (http://localhost:4175/node_modules/.vite/deps/maplibre-gl.js?v=38705482:23185:1570)
    at http://localhost:4175/node_modules/.vite/deps/maplibre-gl.js?v=38705482:23204:22
    at http://localhost:4175/node_modules/.vite/deps/maplibre-gl.js?v=38705482:12998:19 @ http://localhost:4175/node_modules/.vite/deps/maplibre-gl.js?v=38705482:500
[  832205ms] [ERROR] Error: Cannot style non-existing layer "countries-threat-line".
    at Li.setPaintProperty (http://localhost:4175/node_modules/.vite/deps/maplibre-gl.js?v=38705482:18923:117)
    at cs.setPaintProperty (http://localhost:4175/node_modules/.vite/deps/maplibre-gl.js?v=38705482:23042:31)
    at cs.<anonymous> (http://localhost:4175/src/components/TwoDMap.tsx?t=1776603393305:308:11)
    at cs.fire (http://localhost:4175/node_modules/.vite/deps/maplibre-gl.js?v=38705482:496:39)
    at cs._render (http://localhost:4175/node_modules/.vite/deps/maplibre-gl.js?v=38705482:23185:1570)
    at http://localhost:4175/node_modules/.vite/deps/maplibre-gl.js?v=38705482:23204:22
    at http://localhost:4175/node_modules/.vite/deps/maplibre-gl.js?v=38705482:12998:19 @ http://localhost:4175/node_modules/.vite/deps/maplibre-gl.js?v=38705482:500
[  897354ms] [INFO] %cDownload the React DevTools for a better development experience: https://react.dev/link/react-devtools font-weight:bold @ http://localhost:4175/node_modules/.vite/deps/react-dom_client.js?v=38705482:20102
[  897439ms] [ERROR] Error: layers.countries-threat-fill.paint.fill-color: Expected at least 4 arguments, but found only 2.
    at Object.hs [as C] (http://localhost:4175/node_modules/.vite/deps/maplibre-gl.js?v=38705482:3408:84)
    at Di (http://localhost:4175/node_modules/.vite/deps/maplibre-gl.js?v=38705482:18478:34)
    at Li._validate (http://localhost:4175/node_modules/.vite/deps/maplibre-gl.js?v=38705482:19114:69)
    at Li.addLayer (http://localhost:4175/node_modules/.vite/deps/maplibre-gl.js?v=38705482:18857:152)
    at cs.addLayer (http://localhost:4175/node_modules/.vite/deps/maplibre-gl.js?v=38705482:23018:59)
    at cs.<anonymous> (http://localhost:4175/src/components/TwoDMap.tsx?t=1776603393305:176:11)
    at cs.fire (http://localhost:4175/node_modules/.vite/deps/maplibre-gl.js?v=38705482:496:39)
    at cs._render (http://localhost:4175/node_modules/.vite/deps/maplibre-gl.js?v=38705482:23185:1570)
    at http://localhost:4175/node_modules/.vite/deps/maplibre-gl.js?v=38705482:23204:22
    at http://localhost:4175/node_modules/.vite/deps/maplibre-gl.js?v=38705482:12998:19 @ http://localhost:4175/node_modules/.vite/deps/maplibre-gl.js?v=38705482:500
[  897439ms] [ERROR] Error: layers.countries-threat-line.paint.line-color: Expected at least 4 arguments, but found only 2.
    at Object.hs [as C] (http://localhost:4175/node_modules/.vite/deps/maplibre-gl.js?v=38705482:3408:84)
    at Di (http://localhost:4175/node_modules/.vite/deps/maplibre-gl.js?v=38705482:18478:34)
    at Li._validate (http://localhost:4175/node_modules/.vite/deps/maplibre-gl.js?v=38705482:19114:69)
    at Li.addLayer (http://localhost:4175/node_modules/.vite/deps/maplibre-gl.js?v=38705482:18857:152)
    at cs.addLayer (http://localhost:4175/node_modules/.vite/deps/maplibre-gl.js?v=38705482:23018:59)
    at cs.<anonymous> (http://localhost:4175/src/components/TwoDMap.tsx?t=1776603393305:205:11)
    at cs.fire (http://localhost:4175/node_modules/.vite/deps/maplibre-gl.js?v=38705482:496:39)
    at cs._render (http://localhost:4175/node_modules/.vite/deps/maplibre-gl.js?v=38705482:23185:1570)
    at http://localhost:4175/node_modules/.vite/deps/maplibre-gl.js?v=38705482:23204:22
    at http://localhost:4175/node_modules/.vite/deps/maplibre-gl.js?v=38705482:12998:19 @ http://localhost:4175/node_modules/.vite/deps/maplibre-gl.js?v=38705482:500
[  897440ms] [ERROR] Error: Cannot style non-existing layer "countries-threat-fill".
    at Li.setPaintProperty (http://localhost:4175/node_modules/.vite/deps/maplibre-gl.js?v=38705482:18923:117)
    at cs.setPaintProperty (http://localhost:4175/node_modules/.vite/deps/maplibre-gl.js?v=38705482:23042:31)
    at cs.<anonymous> (http://localhost:4175/src/components/TwoDMap.tsx?t=1776603393305:307:11)
    at cs.fire (http://localhost:4175/node_modules/.vite/deps/maplibre-gl.js?v=38705482:496:39)
    at cs._render (http://localhost:4175/node_modules/.vite/deps/maplibre-gl.js?v=38705482:23185:1570)
    at http://localhost:4175/node_modules/.vite/deps/maplibre-gl.js?v=38705482:23204:22
    at http://localhost:4175/node_modules/.vite/deps/maplibre-gl.js?v=38705482:12998:19 @ http://localhost:4175/node_modules/.vite/deps/maplibre-gl.js?v=38705482:500
[  897440ms] [ERROR] Error: Cannot style non-existing layer "countries-threat-line".
    at Li.setPaintProperty (http://localhost:4175/node_modules/.vite/deps/maplibre-gl.js?v=38705482:18923:117)
    at cs.setPaintProperty (http://localhost:4175/node_modules/.vite/deps/maplibre-gl.js?v=38705482:23042:31)
    at cs.<anonymous> (http://localhost:4175/src/components/TwoDMap.tsx?t=1776603393305:308:11)
    at cs.fire (http://localhost:4175/node_modules/.vite/deps/maplibre-gl.js?v=38705482:496:39)
    at cs._render (http://localhost:4175/node_modules/.vite/deps/maplibre-gl.js?v=38705482:23185:1570)
    at http://localhost:4175/node_modules/.vite/deps/maplibre-gl.js?v=38705482:23204:22
    at http://localhost:4175/node_modules/.vite/deps/maplibre-gl.js?v=38705482:12998:19 @ http://localhost:4175/node_modules/.vite/deps/maplibre-gl.js?v=38705482:500
[ 1068078ms] [INFO] %cDownload the React DevTools for a better development experience: https://react.dev/link/react-devtools font-weight:bold @ http://localhost:4175/node_modules/.vite/deps/react-dom_client.js?v=38705482:20102
[ 1068166ms] [ERROR] Error: layers.countries-threat-fill.paint.fill-color: Expected at least 4 arguments, but found only 2.
    at Object.hs [as C] (http://localhost:4175/node_modules/.vite/deps/maplibre-gl.js?v=38705482:3408:84)
    at Di (http://localhost:4175/node_modules/.vite/deps/maplibre-gl.js?v=38705482:18478:34)
    at Li._validate (http://localhost:4175/node_modules/.vite/deps/maplibre-gl.js?v=38705482:19114:69)
    at Li.addLayer (http://localhost:4175/node_modules/.vite/deps/maplibre-gl.js?v=38705482:18857:152)
    at cs.addLayer (http://localhost:4175/node_modules/.vite/deps/maplibre-gl.js?v=38705482:23018:59)
    at cs.<anonymous> (http://localhost:4175/src/components/TwoDMap.tsx?t=1776603539401:176:11)
    at cs.fire (http://localhost:4175/node_modules/.vite/deps/maplibre-gl.js?v=38705482:496:39)
    at cs._render (http://localhost:4175/node_modules/.vite/deps/maplibre-gl.js?v=38705482:23185:1570)
    at http://localhost:4175/node_modules/.vite/deps/maplibre-gl.js?v=38705482:23204:22
    at http://localhost:4175/node_modules/.vite/deps/maplibre-gl.js?v=38705482:12998:19 @ http://localhost:4175/node_modules/.vite/deps/maplibre-gl.js?v=38705482:500
[ 1068166ms] [ERROR] Error: layers.countries-threat-line.paint.line-color: Expected at least 4 arguments, but found only 2.
    at Object.hs [as C] (http://localhost:4175/node_modules/.vite/deps/maplibre-gl.js?v=38705482:3408:84)
    at Di (http://localhost:4175/node_modules/.vite/deps/maplibre-gl.js?v=38705482:18478:34)
    at Li._validate (http://localhost:4175/node_modules/.vite/deps/maplibre-gl.js?v=38705482:19114:69)
    at Li.addLayer (http://localhost:4175/node_modules/.vite/deps/maplibre-gl.js?v=38705482:18857:152)
    at cs.addLayer (http://localhost:4175/node_modules/.vite/deps/maplibre-gl.js?v=38705482:23018:59)
    at cs.<anonymous> (http://localhost:4175/src/components/TwoDMap.tsx?t=1776603539401:205:11)
    at cs.fire (http://localhost:4175/node_modules/.vite/deps/maplibre-gl.js?v=38705482:496:39)
    at cs._render (http://localhost:4175/node_modules/.vite/deps/maplibre-gl.js?v=38705482:23185:1570)
    at http://localhost:4175/node_modules/.vite/deps/maplibre-gl.js?v=38705482:23204:22
    at http://localhost:4175/node_modules/.vite/deps/maplibre-gl.js?v=38705482:12998:19 @ http://localhost:4175/node_modules/.vite/deps/maplibre-gl.js?v=38705482:500
[ 1068167ms] [ERROR] Error: Cannot style non-existing layer "countries-threat-fill".
    at Li.setPaintProperty (http://localhost:4175/node_modules/.vite/deps/maplibre-gl.js?v=38705482:18923:117)
    at cs.setPaintProperty (http://localhost:4175/node_modules/.vite/deps/maplibre-gl.js?v=38705482:23042:31)
    at cs.<anonymous> (http://localhost:4175/src/components/TwoDMap.tsx?t=1776603539401:307:11)
    at cs.fire (http://localhost:4175/node_modules/.vite/deps/maplibre-gl.js?v=38705482:496:39)
    at cs._render (http://localhost:4175/node_modules/.vite/deps/maplibre-gl.js?v=38705482:23185:1570)
    at http://localhost:4175/node_modules/.vite/deps/maplibre-gl.js?v=38705482:23204:22
    at http://localhost:4175/node_modules/.vite/deps/maplibre-gl.js?v=38705482:12998:19 @ http://localhost:4175/node_modules/.vite/deps/maplibre-gl.js?v=38705482:500
[ 1068167ms] [ERROR] Error: Cannot style non-existing layer "countries-threat-line".
    at Li.setPaintProperty (http://localhost:4175/node_modules/.vite/deps/maplibre-gl.js?v=38705482:18923:117)
    at cs.setPaintProperty (http://localhost:4175/node_modules/.vite/deps/maplibre-gl.js?v=38705482:23042:31)
    at cs.<anonymous> (http://localhost:4175/src/components/TwoDMap.tsx?t=1776603539401:308:11)
    at cs.fire (http://localhost:4175/node_modules/.vite/deps/maplibre-gl.js?v=38705482:496:39)
    at cs._render (http://localhost:4175/node_modules/.vite/deps/maplibre-gl.js?v=38705482:23185:1570)
    at http://localhost:4175/node_modules/.vite/deps/maplibre-gl.js?v=38705482:23204:22
    at http://localhost:4175/node_modules/.vite/deps/maplibre-gl.js?v=38705482:12998:19 @ http://localhost:4175/node_modules/.vite/deps/maplibre-gl.js?v=38705482:500
[ 1074560ms] [ERROR] Failed to load resource: the server responded with a status of 400 (Bad Request) @ http://localhost:8787/api/map/country-hover?victimCountry=-99&startDate=2026-04-19&endDate=2026-04-19:0
