[     175ms] [INFO] %cDownload the React DevTools for a better development experience: https://react.dev/link/react-devtools font-weight:bold @ http://localhost:4174/node_modules/.vite/deps/react-dom_client.js?v=38705482:20102
[   17824ms] [ERROR] React has detected a change in the order of Hooks called by %s. This will lead to bugs and errors if not fixed. For more information, read the Rules of Hooks: https://react.dev/link/rules-of-hooks

   Previous render            Next render
   ------------------------------------------------------
%s   ^^^^^^^^^^^^^^^^^^^^^^^^^^^^^^^^^^^^^^^^^^^^^^^^^^^^^^
 App 1. useState                   useState
2. useState                   useState
3. useState                   useState
4. useState                   useState
5. useState                   useState
6. useState                   useState
7. useState                   useState
8. useState                   useState
9. useRef                     useRef
10. useRef                    useRef
11. useRef                    useRef
12. useRef                    useRef
13. useRef                    useRef
14. useCallback               useCallback
15. useCallback               useCallback
16. useEffect                 useEffect
17. useEffect                 useEffect
18. useState                  useState
19. useState                  useState
20. useState                  useState
21. useRef                    useRef
22. useRef                    useRef
23. useMemo                   useEffect
 @ http://localhost:4174/node_modules/.vite/deps/react-dom_client.js?v=38705482:5593
[   17829ms] TypeError: Cannot read properties of undefined (reading 'length')
    at areHookInputsEqual (http://localhost:4174/node_modules/.vite/deps/react-dom_client.js?v=38705482:5628:38)
    at updateEffectImpl (http://localhost:4174/node_modules/.vite/deps/react-dom_client.js?v=38705482:6417:50)
    at Object.useEffect (http://localhost:4174/node_modules/.vite/deps/react-dom_client.js?v=38705482:19076:11)
    at exports.useEffect (http://localhost:4174/node_modules/.vite/deps/chunk-VJWSV4RP.js?v=38705482:923:36)
    at useLatestContent (http://localhost:4174/src/hooks/useLatestContent.ts?t=1776574803049:9:3)
    at App (http://localhost:4174/src/App.tsx?t=1776574803049:56:7)
    at Object.react_stack_bottom_frame (http://localhost:4174/node_modules/.vite/deps/react-dom_client.js?v=38705482:18509:20)
    at renderWithHooksAgain (http://localhost:4174/node_modules/.vite/deps/react-dom_client.js?v=38705482:5729:22)
    at renderWithHooks (http://localhost:4174/node_modules/.vite/deps/react-dom_client.js?v=38705482:5665:24)
    at updateFunctionComponent (http://localhost:4174/node_modules/.vite/deps/react-dom_client.js?v=38705482:7475:21)
[   17828ms] [WARNING] %s

%s
 An error occurred in the <App> component. Consider adding an error boundary to your tree to customize error handling behavior.
Visit https://react.dev/link/error-boundaries to learn more about error boundaries. @ http://localhost:4174/node_modules/.vite/deps/react-dom_client.js?v=38705482:6965
