[     166ms] [INFO] %cDownload the React DevTools for a better development experience: https://react.dev/link/react-devtools font-weight:bold @ http://localhost:4175/node_modules/.vite/deps/react-dom_client.js?v=38705482:20102
[     353ms] Error: minZoom must be between -2 and the current maxZoom, inclusive
    at cs.setMinZoom (http://localhost:4175/node_modules/.vite/deps/maplibre-gl.js?v=38705482:22713:19)
    at http://localhost:4175/src/components/TwoDMap.tsx?t=1776602343437:274:11
    at Object.react_stack_bottom_frame (http://localhost:4175/node_modules/.vite/deps/react-dom_client.js?v=38705482:18567:20)
    at runWithFiberInDEV (http://localhost:4175/node_modules/.vite/deps/react-dom_client.js?v=38705482:997:72)
    at commitHookEffectListMount (http://localhost:4175/node_modules/.vite/deps/react-dom_client.js?v=38705482:9411:163)
    at commitHookPassiveMountEffects (http://localhost:4175/node_modules/.vite/deps/react-dom_client.js?v=38705482:9465:60)
    at commitPassiveMountOnFiber (http://localhost:4175/node_modules/.vite/deps/react-dom_client.js?v=38705482:11040:29)
    at recursivelyTraversePassiveMountEffects (http://localhost:4175/node_modules/.vite/deps/react-dom_client.js?v=38705482:11010:13)
    at commitPassiveMountOnFiber (http://localhost:4175/node_modules/.vite/deps/react-dom_client.js?v=38705482:11201:13)
    at recursivelyTraversePassiveMountEffects (http://localhost:4175/node_modules/.vite/deps/react-dom_client.js?v=38705482:11010:13)
[     312ms] [WARNING] %s

%s
 An error occurred in the <TwoDMap> component. Consider adding an error boundary to your tree to customize error handling behavior.
Visit https://react.dev/link/error-boundaries to learn more about error boundaries. @ http://localhost:4175/node_modules/.vite/deps/react-dom_client.js?v=38705482:6965
[     354ms] Error: minZoom must be between -2 and the current maxZoom, inclusive
    at cs.setMinZoom (http://localhost:4175/node_modules/.vite/deps/maplibre-gl.js?v=38705482:22713:19)
    at http://localhost:4175/src/components/TwoDMap.tsx?t=1776602343437:274:11
    at Object.react_stack_bottom_frame (http://localhost:4175/node_modules/.vite/deps/react-dom_client.js?v=38705482:18567:20)
    at runWithFiberInDEV (http://localhost:4175/node_modules/.vite/deps/react-dom_client.js?v=38705482:997:72)
    at commitHookEffectListMount (http://localhost:4175/node_modules/.vite/deps/react-dom_client.js?v=38705482:9411:163)
    at commitHookPassiveMountEffects (http://localhost:4175/node_modules/.vite/deps/react-dom_client.js?v=38705482:9465:60)
    at reconnectPassiveEffects (http://localhost:4175/node_modules/.vite/deps/react-dom_client.js?v=38705482:11273:13)
    at recursivelyTraverseReconnectPassiveEffects (http://localhost:4175/node_modules/.vite/deps/react-dom_client.js?v=38705482:11240:11)
    at reconnectPassiveEffects (http://localhost:4175/node_modules/.vite/deps/react-dom_client.js?v=38705482:11317:13)
    at recursivelyTraverseReconnectPassiveEffects (http://localhost:4175/node_modules/.vite/deps/react-dom_client.js?v=38705482:11240:11)
[     312ms] [WARNING] %s

%s
 An error occurred in the <TwoDMap> component. Consider adding an error boundary to your tree to customize error handling behavior.
Visit https://react.dev/link/error-boundaries to learn more about error boundaries. @ http://localhost:4175/node_modules/.vite/deps/react-dom_client.js?v=38705482:6965
