[     133ms] [INFO] %cDownload the React DevTools for a better development experience: https://react.dev/link/react-devtools font-weight:bold @ http://localhost:4174/node_modules/.vite/deps/react-dom_client.js?v=38705482:20102
[  191411ms] [WARNING] WebGL: INVALID_OPERATION: bindTexture: attempt to use a deleted object @ http://localhost:4174/node_modules/.vite/deps/chunk-4G7PAJ5X.js?v=38705482:9363
[  202618ms] [INFO] %cDownload the React DevTools for a better development experience: https://react.dev/link/react-devtools font-weight:bold @ http://localhost:4174/node_modules/.vite/deps/react-dom_client.js?v=38705482:20102
[  764536ms] [WARNING] WebGL: INVALID_OPERATION: bindTexture: attempt to use a deleted object @ http://localhost:4174/node_modules/.vite/deps/chunk-4G7PAJ5X.js?v=38705482:9363
[  794554ms] [INFO] %cDownload the React DevTools for a better development experience: https://react.dev/link/react-devtools font-weight:bold @ http://localhost:4174/node_modules/.vite/deps/react-dom_client.js?v=38705482:20102
[ 1027970ms] [LOG] [vite] server connection lost. Polling for restart... @ http://localhost:4174/@vite/client:963
[ 1028510ms] [INFO] %cDownload the React DevTools for a better development experience: https://react.dev/link/react-devtools font-weight:bold @ http://localhost:4174/node_modules/.vite/deps/react-dom_client.js?v=38705482:20102
[ 1028708ms] [ERROR] Failed to load resource: net::ERR_CONNECTION_REFUSED @ http://localhost:8787/api/content/latest?category=sql&limit=5&offset=0:0
[ 2566804ms] TypeError: Cannot read properties of undefined (reading 'viewportPadding')
    at MapViewport (http://localhost:4174/src/components/MapViewport.tsx?t=1776577414544:32:29)
    at Object.react_stack_bottom_frame (http://localhost:4174/node_modules/.vite/deps/react-dom_client.js?v=38705482:18509:20)
    at renderWithHooks (http://localhost:4174/node_modules/.vite/deps/react-dom_client.js?v=38705482:5654:24)
    at updateFunctionComponent (http://localhost:4174/node_modules/.vite/deps/react-dom_client.js?v=38705482:7475:21)
    at beginWork (http://localhost:4174/node_modules/.vite/deps/react-dom_client.js?v=38705482:8525:20)
    at runWithFiberInDEV (http://localhost:4174/node_modules/.vite/deps/react-dom_client.js?v=38705482:997:72)
    at performUnitOfWork (http://localhost:4174/node_modules/.vite/deps/react-dom_client.js?v=38705482:12561:98)
    at workLoopSync (http://localhost:4174/node_modules/.vite/deps/react-dom_client.js?v=38705482:12424:43)
    at renderRootSync (http://localhost:4174/node_modules/.vite/deps/react-dom_client.js?v=38705482:12408:13)
    at performWorkOnRoot (http://localhost:4174/node_modules/.vite/deps/react-dom_client.js?v=38705482:11827:37)
[ 2566802ms] [WARNING] %s

%s
 An error occurred in the <MapViewport> component. Consider adding an error boundary to your tree to customize error handling behavior.
Visit https://react.dev/link/error-boundaries to learn more about error boundaries. @ http://localhost:4174/node_modules/.vite/deps/react-dom_client.js?v=38705482:6965
